<?xml version="1.0" encoding="UTF-8"?>
<!-- Generated by org.testng.reporters.JUnitReportReporter -->
<testsuite hostname="DESKTOP-PN9KDUT" failures="0" tests="12" name="TestNg.TestNgBasics" time="0.124" errors="1" timestamp="2024-06-03T14:55:05 GET" skipped="2">
  <testcase classname="TestNg.TestNgBasics" name="demo" time="0.008"/>
  <testcase classname="TestNg.TestNgBasics" name="fourthTest" time="0.008"/>
  <testcase classname="TestNg.TestNgBasics" name="secondTest" time="0.004"/>
  <testcase classname="TestNg.TestNgBasics" name="eightthTest" time="0.009"/>
  <testcase classname="TestNg.TestNgBasics" name="sixthTest" time="0.059"/>
  <testcase classname="TestNg.TestNgBasics" name="demo" time="0.009"/>
  <testcase classname="TestNg.TestNgBasics" name="thirdTest" time="0.022"/>
  <testcase classname="TestNg.TestNgBasics" name="eightthTest" time="0.002"/>
  <testcase classname="TestNg.TestNgBasics" name="eightthTest" time="0.003"/>
  <testcase classname="TestNg.TestNgBasics" name="seventhTest" time="0.000">
    <error message="
Parameter &#039;APIkey&#039; is required by @Test on method seventhTest but has not been marked @Optional or defined
in C:\Users\levan\OneDrive\Desktop\Java\UdemyIntro\testng.xml" type="org.testng.TestNGException">
      <![CDATA[org.testng.TestNGException: 
Parameter 'APIkey' is required by @Test on method seventhTest but has not been marked @Optional or defined
in C:\Users\levan\OneDrive\Desktop\Java\UdemyIntro\testng.xml
at org.testng.internal.Parameters.createParams(Parameters.java:264)
at org.testng.internal.Parameters.createParametersForMethod(Parameters.java:352)
at org.testng.internal.Parameters.createParameters(Parameters.java:690)
at org.testng.internal.Parameters.handleParameters(Parameters.java:885)
at org.testng.internal.Parameters.handleParameters(Parameters.java:734)
at org.testng.internal.invokers.ParameterHandler.handleParameters(ParameterHandler.java:72)
at org.testng.internal.invokers.ParameterHandler.createParameters(ParameterHandler.java:51)
at org.testng.internal.invokers.TestInvoker$MethodInvocationAgent.invoke(TestInvoker.java:946)
at org.testng.internal.invokers.TestInvoker.invokeTestMethods(TestInvoker.java:203)
at org.testng.internal.invokers.TestMethodWorker.invokeTestMethods(TestMethodWorker.java:154)
at org.testng.internal.invokers.TestMethodWorker.run(TestMethodWorker.java:134)
at java.base/java.util.ArrayList.forEach(ArrayList.java:1511)
at org.testng.TestRunner.privateRun(TestRunner.java:739)
at org.testng.TestRunner.run(TestRunner.java:614)
at org.testng.SuiteRunner.runTest(SuiteRunner.java:421)
at org.testng.SuiteRunner$SuiteWorker.run(SuiteRunner.java:463)
at org.testng.internal.thread.ThreadUtil.lambda$execute$0(ThreadUtil.java:64)
at java.base/java.util.concurrent.FutureTask.run(FutureTask.java:264)
at java.base/java.util.concurrent.ThreadPoolExecutor.runWorker(ThreadPoolExecutor.java:1136)
at java.base/java.util.concurrent.ThreadPoolExecutor$Worker.run(ThreadPoolExecutor.java:635)
at java.base/java.lang.Thread.run(Thread.java:840)
]]>
    </error>
  </testcase> <!-- seventhTest -->
  <testcase classname="TestNg.TestNgBasics" name="fifthTest">
    <skipped/>
  </testcase> <!-- fifthTest -->
  <testcase classname="TestNg.TestNgBasics" name="fifthTest">
    <skipped/>
  </testcase> <!-- fifthTest -->
</testsuite> <!-- TestNg.TestNgBasics -->
